Los_Angeles,_CA Atlanta,_GA We're #hiring! Click to apply: Pantry Chef - #Hospitality #FoodandBeverage #LosAngeles, CA
Manhattan,_NY Atlanta,_GA Update: Construction on #M10Bus Both directions at Eighth Avenue:W 57th Street
Toronto,_Ontario Atlanta,_GA It's finally starting to feel like spring! @ Toronto, Ontario
Toronto,_Ontario Atlanta,_GA I'm at Robert Cooke Cooperative Homes in Toronto, Ontario
San_Francisco,_CA Atlanta,_GA Just in the cocacola #Entrepreneur #OOTD #FashionMoguls #fullyonfleek #theview #thewave*
Los_Angeles,_CA Atlanta,_GA The Schmo goes one-on-one with the Legend, James Goldstein. Stay tuned for a legendary interview*
Chicago,_IL Atlanta,_GA Super fun spin on an essential Chicago design concept, complete with a VIP whisky tastings from*
San_Francisco,_CA Atlanta,_GA What's up, Mac Dog? #offthegrid @ Off the Grid
Los_Angeles,_CA Atlanta,_GA "You Prepare A Table Before Me In The Presence Of My Enemies"!! Psalm 23:5
Los_Angeles,_CA Atlanta,_GA Yea my heart cold , but i still got on a sweater. ____
Los_Angeles,_CA Atlanta,_GA The UT crew! #charliekay @ University Towers
Boston,_MA Atlanta,_GA Brewery tour (@ Samuel Adams Brewery - @samueladamsbeer in Boston, MA w/ @johnzak)
San_Francisco,_CA Atlanta,_GA kaneholler miikesnow @indysf #kainmalaysiamurah #miikesnow nikki @ The Independent
Boston,_MA Atlanta,_GA I'm at @Pavia_Italian Cuisine &amp; Catering in Boston, MA
Manhattan,_NY Atlanta,_GA Just posted a photo @ Atlanta-West End
Los_Angeles,_CA Atlanta,_GA If you're a #Nursing professional in #Tarzana, CA, check out this #job: #Hiring #CareerArc
Chicago,_IL Atlanta,_GA #nowplaying "The Clearing" by the superb Rachel Grimes &amp; ensemble .What an amazing record this*
Chicago,_IL Atlanta,_GA We're #hiring! Read about our latest #job opening here: Client Executive - North Central - #Chicago, IL #Sales
Manhattan,_NY Atlanta,_GA under the sea __ @DaraJaclyn_ #downtown100 @ W New York - Times Square
Manhattan,_NY Atlanta,_GA I'm at @TribecaGrill in New York, NY
Los_Angeles,_CA Atlanta,_GA What to Know About the Beverly Hills Real Estate Market
Manhattan,_NY Atlanta,_GA Tonight at The 25th Annual George Wayne Downtown 100, The Downtown 100 List Celebration. Here*
Orlando,_FL Atlanta,_GA I'm at Tako Cheena in Orlando, FL
Los_Angeles,_CA Atlanta,_GA Getting setup to record the next #newrelic #futurestack #podcast today Hope everyone is*
Manhattan,_NY Atlanta,_GA One guess who I'm playing! @ Stud Bar
Toronto,_Ontario Atlanta,_GA Bluejays vs Yankees game 2night #toronto @ Rogers Centre
Houston,_TX Atlanta,_GA Accident blocks 3 rightt lanes in #NorthSide on I-45 N Fwy Inbound at Airline, stop and go traffic back to Aldine Bender, delay of 17 mins
Manhattan,_NY Atlanta,_GA Hahaha! I somehow knew @pellerinart was gonna be on this bus! You should have seen his face! __ (@ T14 Metrobus)
Toronto,_Ontario Atlanta,_GA #desperado #rihanna #antiworldtour @ Air Canada Centre
Houston,_TX Atlanta,_GA Good Morning___ __832.620.6071 __220skinnywraps@gmail.com ____________________________ #entrepreneur*
Manhattan,_NY Atlanta,_GA It's show time folks!! #BiraInNYC #BiraAtTribeca #TheManWhoKnewInfinity #Phhhoto #BeerLove @*
Los_Angeles,_CA Atlanta,_GA A huge loss to LA Galaxy but it's OK...our special juice kept us happy...and no accidents this*
Toronto,_Ontario Atlanta,_GA Can you recommend anyone for this #IT #job? #Toronto, Ontario #Hiring #CareerArc
Orlando,_FL Atlanta,_GA Here's that famous guy from that lya band. #vsco #vscocam #Orlando #NightOfHope @ Orlando,*
Los_Angeles,_CA Atlanta,_GA Take me out to the ball game!!! @ Rogers Stadium
Los_Angeles,_CA Atlanta,_GA Thank you to everyone who showed up during the Art Walk! You guys are incredible! Such a*
Los_Angeles,_CA Atlanta,_GA Coachella fresh #hairbyjaimie #thepowderroomla #3022W.SunsetBLVD #3236612233 @ The Powder Room*
Orlando,_FL Atlanta,_GA #HouseBusinessCheck at 3000 C.R. Smith St. #orlpol #opd
Los_Angeles,_CA Atlanta,_GA First selfie sa US of A with the Sleeping Dan. #notavacation @ LAX American Airlines Terminal 4
Manhattan,_NY Atlanta,_GA @HarrySwartout @SkySwartout @ChaseS19 they*re the twenty-year flood of teams
Los_Angeles,_CA Atlanta,_GA Loved this in-home #Music #Studio while showing property today In #Encino ____________ 1 of 2 studios*
Manhattan,_NY Atlanta,_GA #Engineering #Job alert: Civil Designer drafter
Manhattan,_NY Atlanta,_GA I'm at ABC Carpet &amp; Home - @abchome in New York, NY
Manhattan,_NY Atlanta,_GA Doing work emails... Really... (@ The Cigar Inn in New York, NY)
Manhattan,_NY Atlanta,_GA Cool wooden bench booths add a touch of privacy and warmth to this #koreanrestaurant*
Los_Angeles,_CA Atlanta,_GA Brookfield Property Partners: A Hidden Real Estate Gem
Houston,_TX Atlanta,_GA Ohhh...Oh! Quanell X is in the house on The Isiah Factor! We are big buddies now! FOX26Houston @KatMcKinley
Manhattan,_NY Atlanta,_GA "Special Cloth Alert . .."(____this) #RandomCasualties #DontBeOne #Canon #LA #Dope #photographer*
Los_Angeles,_CA Atlanta,_GA I watched NBA for the first time. BOS came from behind to win the*
Manhattan,_NY Atlanta,_GA #rideordie #linkedinlife @ Top of the Strand, New York, NY
Orlando,_FL Atlanta,_GA #CommercialAlarm at 5600 Lake Underhill Rd. #orlpol #opd
Manhattan,_NY Atlanta,_GA CAKE ____CAKE ____CAKE ____ @ Tacconelli's Pizzeria
Philadelphia,_PA Atlanta,_GA #Nursing #Job in #Philadelphia, PA: Dosimetrist at Cancer Treatment Centers of America
Orlando,_FL Atlanta,_GA #AssistFireDept at 1301-1338 Orange Blossom Trail. #orlpol #ocso
Houston,_TX Atlanta,_GA The Pho-King Best @ Pho Rua Vang Golden Turtle Restaurant
Atlanta,_GA Atlanta,_GA I Don't Want Your Love #duranduran duranduran @ Philips Arena
Los_Angeles,_CA Atlanta,_GA Beautiful morning you're the sun in my morning babe____ _________________________________ #yoga*
San_Diego,_CA Atlanta,_GA It's #Friday so we made some candied hazelnut and dark chocolate cookies! ______ @maysvillenyc*
Houston,_TX Atlanta,_GA This #BusinessMgmt #job might be a great fit for you: Chief Financial Officer - #Houston, TX #Hiring #CareerArc
Atlanta,_GA Atlanta,_GA #Atlanta, GA #Nonprofit #Job: Parks Worker at City of Atlanta #Jobs #Hiring
Boston,_MA Atlanta,_GA Red Sox game with my two faves ____ @ Fenway Park
Manhattan,_NY Atlanta,_GA Celebrating with my Neo/club. Happy (early) birthday @abenjammn @ Grooves Restaurant and Lounge
San_Francisco,_CA Atlanta,_GA I'm at @SPQRFillmore in San Francisco, CA
Manhattan,_NY Atlanta,_GA #godmoments#thenewblackwallstreet @ West Side
Manhattan,_NY Atlanta,_GA shake it off. {cotton candy and sweet n salty #milkshake at @blacktapnyc}
San_Francisco,_CA Atlanta,_GA #BAYCHELLA @ Bay Bridge
Manhattan,_NY Atlanta,_GA 'Sup? #dinosaurbutt #titanosaur #amnh @ American Museum of Natural History
Manhattan,_NY Atlanta,_GA The Spanish collection by fernandoalberto_atelier. #weddingdress, #bride, #wedding, #fashion,*
Chicago,_IL Atlanta,_GA #raisethemacallan with our Michigan visitors. @ Morgan Manufacturing
Los_Angeles,_CA Atlanta,_GA I'm at The Grove in Los Angeles, CA w/ @ali__almusalam
Los_Angeles,_CA Atlanta,_GA Right now Wild Friday night beautiful SEXY LADIES ALL OVER right now TURN UP FOR CHECK MIX MY*
Chicago,_IL Atlanta,_GA #Healthcare #Job in #Chicago, IL: Pharmacy Technician at CVS Health #Jobs #Hiring #CareerArc
Chicago,_IL Atlanta,_GA Students at #nhsjc interested in learning more about @medillschool at #Northwestern? Join us for*
Manhattan,_NY Atlanta,_GA I'm at @Staples in Harlem, NY
Chicago,_IL Atlanta,_GA __ #Blackhawks
Manhattan,_NY Atlanta,_GA 2__nd beer I'm feeling chill____ lol__________________ @ The Monster Bar Nyc
Houston,_TX Atlanta,_GA We're #hiring! Click to apply: Stores Shoe Associate - Melrose Store #10- Houston, TX - #Retail #HOUSTON, TX #Job
Manhattan,_NY Atlanta,_GA Recuerda hoy jueves Noche de Damas de 8:00pm a 10:00pm , las damas toman gratis en el bar,*
Los_Angeles,_CA Atlanta,_GA If you know me you know my love for Kirk Franklin's music and my obsession with this song in*
Los_Angeles,_CA Atlanta,_GA Retail Cosmetics Sales - Counter Manager Benefit, Full Time:... - Macy's Beauty: (#Northridge, CA) #Sales #Job
Manhattan,_NY Atlanta,_GA I am very proud to say that I crossed off one of the items on my*
Orlando,_FL Atlanta,_GA #Battery S Magnolia Ave &amp; E Pine St 32801 (4/16 01:25) #Orlando #CentralBusinessDistrict
Manhattan,_NY Atlanta,_GA Yasmany Tomas: that did not look athletic
Manhattan,_NY Atlanta,_GA Closure on #QueensboroBridge EB from Manhattan Side to Queens Side
Los_Angeles,_CA Atlanta,_GA Tonight it's going down #DiscotecaDTLA @congaroom @mega963fm broadcasting live! jammed #packed*
Los_Angeles,_CA Atlanta,_GA J'ai le plaisir et l'honneur d'*tre l'Ambassadrice Style de Newlook pour la 2eme ann*e*
Manhattan,_NY Atlanta,_GA Life is not a problem to be solved, but a reality to be experienced . . . . . . .*
Houston,_TX Atlanta,_GA Favorite Health Care Staffing #Nursing : Registered Nurse
Boston,_MA Atlanta,_GA Party of 1 (at @HojokoBoston in Boston, MA)
Manhattan,_NY Atlanta,_GA Dinner with the BIBBLES ____ #Ceviche #cebiche #Peruvian #PioPio #Food #foodie #love #heritage*
Boston,_MA Atlanta,_GA #happy #colorful #friday #spring is #aroundthecorner @ Boston, Massachusetts
San_Diego,_CA Atlanta,_GA #usmc #graduation @ Marine Corps Recruit Depot San Diego
Los_Angeles,_CA Atlanta,_GA #Retail #Job alert: Seasonal Temporary Store Associate
Los_Angeles,_CA Atlanta,_GA "TURN ON THE LIGHTS." #tbt @ LACMA Los Angeles County Museum of Art
Orlando,_FL Atlanta,_GA #HouseBusinessCheck at 830 Orange Blossom Trail. #orlpol #opd
Toronto,_Ontario Atlanta,_GA You never see this. (@ Apple Store, Eaton Centre in Toronto, ON)
Manhattan,_NY Atlanta,_GA Happy weekend, Lincoln Square! @ Lincoln Square Neighborhood
Los_Angeles,_CA Atlanta,_GA Warm Potato Salad
Los_Angeles,_CA Atlanta,_GA See our latest #LosAngeles, CA #job and click to apply: Cardiac OR - #TravelNurse #Nursing
Toronto,_Ontario Atlanta,_GA wayneclarkdesign #lifetimeachievement award at @cafawards #fashionnights #fashionismylife*
Manhattan,_NY Atlanta,_GA Ready for todays debut! #72U #spinphony @ 72andSunny
Los_Angeles,_CA Atlanta,_GA We're #hiring! Click to apply: assistant store manager - Los Angeles - #Retail #LosAngeles, California #Veterans
Houston,_TX Atlanta,_GA This #Legal #job might be a great fit for you: Legal Assistant * Licenses &amp; Permits - #Katy, TX #Hiring #CareerArc
San_Francisco,_CA Atlanta,_GA Closed Homeless Concerns request at 909 Minna St Case closed. case is a duplicate. per dpw duplicate.
San_Diego,_CA Atlanta,_GA I call her ramenbae @ Jinya Ramen Bar
Orlando,_FL Atlanta,_GA #OrlandoFree CURB ALERT - Free mid-century loveseat (Orlando)
Washington,_DC Atlanta,_GA A #constructionworker poses on a #worksite in #washingtondc 's #ivycity.*
Toronto,_Ontario Atlanta,_GA When my boys were 11. @ Toronto, Ontario
Toronto,_Ontario Atlanta,_GA When my boys were 11. @ Toronto, Ontario
San_Francisco,_CA Atlanta,_GA City stay rockin! #sanfranciscodays #sanfrancisco #realsf #415day @ Dolores Park
Chicago,_IL Atlanta,_GA #bye #Chicago (@ Chicago Midway International Airport (MDW) in Chicago, IL)
Houston,_TX Atlanta,_GA Early work Saturday but I'd rather be running. #TMC #mhh @ Memorial Hermann Hospital at Medical*
Manhattan,_NY Atlanta,_GA We're #hiring! Click to apply: Retail Allocator - #BusinessMgmt #NewYork, NY #Job #Jobs #CareerArc
Manhattan,_NY Atlanta,_GA Business with Buddies. Sales and Steaks. Friday nights for ___________. (fill in the*
Los_Angeles,_CA Atlanta,_GA #Friday #evening #losangeles @ Pershing Square
Los_Angeles,_CA Atlanta,_GA Try cream cheese, walnut florentine, carrot ginger sorbet #cream #menu
Los_Angeles,_CA Atlanta,_GA Get your tickets for Mos Def!!! ________________ @ The Music Box
Los_Angeles,_CA Atlanta,_GA Yas Quartet performs the last movement of Hadyn's op.33 string quartet. @ Roosevelt University
Manhattan,_NY Atlanta,_GA Incident on #FranklinDRooseveltDrive SB at East 91st Street
Chicago,_IL Atlanta,_GA 2835 West Fargo Avenue
Manhattan,_NY Atlanta,_GA roll into #TFF like __ #THESTAYCATIONERS x thompsonhotels #hotellife*
Los_Angeles,_CA Atlanta,_GA Legal Jobs JDHuntr 16380 Senior Attorney -... - In-House Counsel Jobs
Atlanta,_GA Atlanta,_GA #Streetz945atl #pantherpalooza16 #georgiastateuniversity @1future @ Georgia State University
Manhattan,_NY Atlanta,_GA I'll take a late afternoon meeting with these guys anytime #natitude @ Nationals Park
Manhattan,_NY Atlanta,_GA The best kind. @ Washington Square Park
Los_Angeles,_CA Atlanta,_GA It felt so rewarding to present my research today____ #huresearchweek2016 @ Howard University
Los_Angeles,_CA Atlanta,_GA Thank you @mileycyrus #spinningupmoreservers @ Artsy
Los_Angeles,_CA Atlanta,_GA It's time for @dodgers baseball on Jackie Robinson day!!!! #dodgers #jackierobinsonday #42 #mlb*
Manhattan,_NY Atlanta,_GA Spontaneous trips to Coachella with my side kick. #2015cochella__ @*
Houston,_TX Atlanta,_GA 16810 Fowler Pines Dr, Humble, TX 77346, $446,200 4 beds, 3 baths
Philadelphia,_PA Atlanta,_GA What happens when you talk smack to a mascot in Philly @AlexHolleyFOX29
Los_Angeles,_CA Atlanta,_GA I can't put into words the time I had experiencing Disney and Universal (namely Harry Potter*
Atlanta,_GA Atlanta,_GA Can you recommend anyone for this #job? Class A Lineman - Transmission - #Atlanta, GA #Utilities #Hiring #CareerArc
San_Diego,_CA Atlanta,_GA #Manufacturing #Job in #SANDIEGO, CA: Scaler at Select Staffing #Jobs #Hiring #CareerArc
Manhattan,_NY Atlanta,_GA So much light! #youwillneverstealmyshine @ River Side Park By The*
Washington,_DC Atlanta,_GA Went to visit Abe during my lunch break__ #ihaterunning #diditanyway @ Washington, District of*
Chicago,_IL Atlanta,_GA Superb (@ Joe's Seafood, Prime Steak &amp; Stone Crab - @joeschicago in Chicago, IL)
Manhattan,_NY Atlanta,_GA Farewell for now @ Webster Hall
Manhattan,_NY Atlanta,_GA 67 days.... #Summer #equinoxmademedoit @ Equinox Park Avenue
Manhattan,_NY Atlanta,_GA Faith-stirring talks over coffee. #myfavorite #morning #relationships #friends #coffee @ Aroma*
Manhattan,_NY Atlanta,_GA Empire State Of Mind __ ____ #nyc #empirestatebuilding #view #newyork #bigtop #fromthebottom*
San_Diego,_CA Atlanta,_GA This #Transportation #job might be a great fit for you: Parts Delivery - #SANDIEGO, CA #Hiring #CareerArc
San_Diego,_CA Atlanta,_GA Want to work in #SanDiego, CA? View our latest opening: #Retail #Job #Jobs #Hiring #CareerArc
Manhattan,_NY Atlanta,_GA My body is my chosen art form. I'm flattered that I can inspire someone in pursuit of their*
Manhattan,_NY Atlanta,_GA T O N I G H T
Manhattan,_NY Atlanta,_GA Spicy sugared almonds coming out of my kitchen today
Orlando,_FL Atlanta,_GA Dropping off the spider (@ Hamburgers Mary's in Orlando, FL)
Orlando,_FL Atlanta,_GA First Orlando.... Then the world. MURDERED my performance tonight at The Caboose Lounge!*
Manhattan,_NY Atlanta,_GA My partner in crime!marlijnhoek __ Thank you for all the love! __ Minha companheira de crime!*
Manhattan,_NY Atlanta,_GA Barista (US) - Starbucks: (200 WEST 54TH ST, #NEWYORK, NY) #Hospitality #Veterans #Job #Jobs #Hiring #CareerArc
Atlanta,_GA Atlanta,_GA Meet me @magiccityatl today for #AfterWorkWindDown with @djwebbz on the turn up. ______ @ Magic*
Houston,_TX Atlanta,_GA What happens when these ingredients mix together? TY @AlbrightMS @ALX_Adventurers @MiliLaff #alxStarWarsSTEMNight
Boston,_MA Atlanta,_GA Me &amp; my girl c.pow fenwaypark #redsoxopeningday2016 @ Fenway Park
San_Francisco,_CA Atlanta,_GA Opened Graffiti request via iphone at 145 Fell St
Manhattan,_NY Atlanta,_GA Ain't no throwback I'm Living in the moment!!! #navanav #dowhatyoulove #begreat #music #fashion*
Los_Angeles,_CA Atlanta,_GA The instagram contest is back! This time it's earth day themed! Hash tag your conservation and*
Toronto,_Ontario Atlanta,_GA Lunchtime Caesars! (@ The Lakeview Restaurant - @lakeview_lunch in Toronto, ON w/ @stevium)
Manhattan,_NY Atlanta,_GA i'm a changed person @ Raclette
Orlando,_FL Atlanta,_GA #VerbalDisturbance at 2200-2499 Dardanelle Dr. #orlpol #ocso
Toronto,_Ontario Atlanta,_GA SPRING IS IN THE AIR
Manhattan,_NY Atlanta,_GA Demostraci*n de amor en una tienda de c*mics en Nueva York @ Midtown Comics Times Square
Houston,_TX Atlanta,_GA 18418 Teal Creek Dr, Humble, TX 77346, $312,000 5 beds, 4 baths
Toronto,_Ontario Atlanta,_GA Fire (Commercial/industrial) - Queen St b/w Dovercourt Road / Lisgar St, Toronto (2 Trucks)
Houston,_TX Atlanta,_GA See our latest #SanFrancisco, CA #job and click to apply: Staff Nurse II - 4 South Cardiology(PAC)... - #Nursing
Manhattan,_NY Atlanta,_GA Just posted a photo @ N. 3rd Restaurant
Manhattan,_NY Atlanta,_GA 59 Morton Street, Manhattan
Orlando,_FL Atlanta,_GA Interested in a #Healthcare #job near #Orlando, FL? This could be a great fit: #Hiring #CareerArc
Manhattan,_NY Atlanta,_GA I'm at @TheRoofNy in New York, NY
Los_Angeles,_CA Atlanta,_GA LA streets #lastreets @ Los Angeles, California
Philadelphia,_PA Atlanta,_GA BSick @ the Ballpark__ @ Phillies Game @ Citizen's Bank Park
Manhattan,_NY Atlanta,_GA challanges.. #bts #moments #movie #greatcrew #reharsal #makeupartist #makeup #hair*
Los_Angeles,_CA Atlanta,_GA #elcapitantheatre RICHARD SHERMAN! disneythejunglebook @ The El Capitan Theatre
Los_Angeles,_CA Atlanta,_GA inakanaturalfoods
Los_Angeles,_CA Atlanta,_GA "The Lord Is With Me"!! Psalm 118:6
Los_Angeles,_CA Atlanta,_GA Therapeutic Thursday: Hypo-mobile Thoracic spine is one the biggest linchpin for movements that*
San_Diego,_CA Atlanta,_GA Can you recommend anyone for this #SocialSciences #job? #SanDiego, CA #Veterans #Hiring #CareerArc
Manhattan,_NY Atlanta,_GA It was an honor to judge some pretty kick a** business concepts from these highly impressive*
Atlanta,_GA Atlanta,_GA We're #hiring! Read about our latest #job opening here: Digital Program Manager - #TheCreativeGroup #Atlanta, GA
Los_Angeles,_CA Atlanta,_GA Join the Kelly Services team! See our latest #Manufacturing #job opening here: #KellyJobs #HarborCity, CA #Hiring
Los_Angeles,_CA Atlanta,_GA After a productive business meeting, let's the weekend start with my girl and my boy*
Manhattan,_NY Atlanta,_GA Celebrating #spring with #raw #pickled #steamed #vegetables #peahummus #romesco #gribiche*
Houston,_TX Atlanta,_GA 18103 Pagemill Point Ln, Humble, TX 77346, $98,804 4 beds, 2 baths
Los_Angeles,_CA Atlanta,_GA This #Legal #job might be a great fit for you: In-House Counsel Jobs Jdhuntr 16429 General Counsel,... - #Hiring
Atlanta,_GA Atlanta,_GA Join the Dell team! See our latest #Sales #job opening here: #delljobs #Atlanta, GA #Hiring #CareerArc
San_Francisco,_CA Atlanta,_GA Oh yeah____!!! ____ (@ Taqueria El Farolito in San Francisco, CA)
Los_Angeles,_CA Atlanta,_GA Thank you @vkingsla for the tickets! Kershaw vs. MadBum was a must see!_____ #jackierobinsonday*
Los_Angeles,_CA Atlanta,_GA ..At 11:11 I made a wish.. #Whataburger #HoneyButterChickemBiscuit #HBCB #DirtySouth #FatBoy*
Manhattan,_NY Atlanta,_GA Helicopter around NYC__ @ Liberty Helicopters
San_Francisco,_CA Atlanta,_GA __ @ Dolores Park
Toronto,_Ontario Atlanta,_GA Final studio model of undergrad @ Ryerson Architecture Building
Los_Angeles,_CA Atlanta,_GA @MrPinoy1224 congrats again!!
Los_Angeles,_CA Atlanta,_GA @SushiBurrito (@ The Granada Hills Gourmet Food Trucks Explosion (Food Trucks Row))
Manhattan,_NY Atlanta,_GA Jet lag = 6.30am walk around Central Park @ Central Park
Los_Angeles,_CA Atlanta,_GA Join the Kelly Services team! See our latest #IT #job opening here: #KellyJobs #KellyServices #WoodlandHills, CA
Los_Angeles,_CA Atlanta,_GA Sushi combo lunch at Sushi by H #sushi #weho #beverlyhills @ Sushi by H
Manhattan,_NY Atlanta,_GA Some guys i sorta met on Thursday. #DragQueen #DragQueens #NYCDrag #NYCDragQueen #NYCDragQueens*
Manhattan,_NY Atlanta,_GA Breathtaking views from the 34th floor @ Bonavista Revolving Lounge at The Westin Bonaventure Hotel
San_Francisco,_CA Atlanta,_GA Want to work at Macy's Retail? We're #hiring in #SanFrancisco, CA! Click for details: #IT #Job #Jobs #CareerArc
Los_Angeles,_CA Atlanta,_GA ____Our famous "Pineapple Seafood"... Mixture of seafood prepares in a flavored light cream with*
Los_Angeles,_CA Atlanta,_GA Mar y naturaleza... Es dif*cil creer que a*n est* en #SanFrancisco @ Lands End, Point Lobos, San*
Los_Angeles,_CA Atlanta,_GA ___ __ ____ __ ____ ___ ______ ______ ___ ______ ! _____ .. ____ _____*
Washington,_DC Atlanta,_GA #Tulipmania has reached the National Gallery of Art #igdc #dc #nga @ National Gallery of Art
Manhattan,_NY Atlanta,_GA Pedicabs lined up waiting for passengers in @centralparknyc #CentralPark #NYC #pedicab @ Central*
Houston,_TX Atlanta,_GA Want to work in #Houston, TX? View our latest opening: #Healthcare #Job #Jobs #Hiring
Los_Angeles,_CA Atlanta,_GA Want to work at Aerotek? We're #hiring in #LosAngeles, CA! Click for details: #Construction #Job #Jobs
Washington,_DC Atlanta,_GA Can you recommend anyone for this #job? Managed Services Consultant (DC) - #Washington, DC #IT #Hiring
Manhattan,_NY Atlanta,_GA Mood. #LittleEdie #GreyGardens @ Mortville
Manhattan,_NY Atlanta,_GA ONIOCHALASIA____ . . . #vsco #vscocam #vscotoronto #vscoph #facetune #potd #ootd #photograph*
Chicago,_IL Atlanta,_GA If you recognize what I'm holding I respect you @ Swiss*tel Chicago
San_Francisco,_CA Atlanta,_GA Had a (mini) reunion with the fam. Sunbathing as usual, smh. #seals #____ #____ @ PIER 39
Manhattan,_NY Atlanta,_GA wow!!! foto ancestral....desde el Empire State Building y de*
Chicago,_IL Atlanta,_GA I'm at Tarascas International in Chicago, IL
Manhattan,_NY Atlanta,_GA PUT THE CAMERA HORIZONTAL MA WE NEED A WIDE LENSE FOR ALL THIS GLORIOUSNESS #GORILLA _*
Manhattan,_NY Atlanta,_GA It's always someone trying to stop you from being great. ____________
Manhattan,_NY Atlanta,_GA #fbf to that time at the #sfcherryblossomfestival where x2serendipity hellobrookie and I killed*
Los_Angeles,_CA Atlanta,_GA Excited about game day @orlandocitysc #ocsc @ Boessel Hotel
Los_Angeles,_CA Atlanta,_GA Had such an amazing day with this dime. @ Downtown Los Angeles
Los_Angeles,_CA Atlanta,_GA Beautiful evening on the Beaches Boardwalk but where are all the people? @ Ashbridge's Bay
Los_Angeles,_CA Atlanta,_GA Here is the one from last night again since all the tags disappeared! #love #cool #instacool*
Los_Angeles,_CA Atlanta,_GA Can you recommend anyone for this #Education #job? #ShermanOaks, CA #Hiring #CareerArc
Washington,_DC Atlanta,_GA SJR32 [NEW] A joint resolution to provide limitations on the transfer of certain United States munitions from the...
Manhattan,_NY Atlanta,_GA People have been asking for my snapchat in DM's so here it is! DANCINKARL :) I'm getting better*
Los_Angeles,_CA Atlanta,_GA This #Healthcare #job might be a great fit for you: Physical Therapist (PT) / Home... -
Houston,_TX Atlanta,_GA Congrats to the warrior's on breaking the bulls record tho. @ Houston Astros Minute Maid Park
Orlando,_FL Atlanta,_GA #HouseBusinessCheck at Lee Vista Blvd &amp; Contessa Dr. #orlpol #opd
Boston,_MA Atlanta,_GA Always proud to be from Boston. #onebostonday @ Boston, Massachusetts
Chicago,_IL Atlanta,_GA We're #hiring! Read about our latest #job opening here: Registered Nurse Travel RN - #Chicago, IL #Healthcare
Manhattan,_NY Atlanta,_GA One of my favourite things to do at night is to go to a studio and learning how to play songs.*
Los_Angeles,_CA Atlanta,_GA ____ ________ (@ California State University, Northridge (CSUN) in Northridge, CA)
Toronto,_Ontario Atlanta,_GA I'm at Toronto Public Library - Dufferin/St. Clair Branch - @torontolibrary in Toronto, ON
Philadelphia,_PA Atlanta,_GA We're #hiring! Read about our latest #job opening here: Patient Care Technician-Philadelphia, PA (Central) -
Manhattan,_NY Atlanta,_GA 86th floor __
Los_Angeles,_CA Atlanta,_GA Checked in @ Dodger Stadium for the #dodgers vs #sfgiants game w/
Orlando,_FL Atlanta,_GA #Theft 400 S Orange Ave 32801 (4/15 20:19) #Orlando #CentralBusinessDistrict
Manhattan,_NY Atlanta,_GA my mind is tellin me nooo, but my body, my body is telling me yesssss #bumpandgrind
Manhattan,_NY Atlanta,_GA Fire Drill! (at @TimeInc in New York, NY w/ @editorialiste)
Manhattan,_NY Atlanta,_GA Spring gala-ing... #triplets #whycbs #whydidiusethathashtag @ Cipriani Wall Street
Manhattan,_NY Atlanta,_GA @coalitionbuildr checking in at the State of American Labor Unions Today panel @ncbcp_bwr*
San_Diego,_CA Atlanta,_GA We're #hiring! Click to apply: Administrative Support - #Clerical #SanDiego, CA #Job #Jobs #CareerArc
Manhattan,_NY Atlanta,_GA Hey Good morning.. You can say it back if you like.. Hey today After Work @amilkargp come rock*
Los_Angeles,_CA Atlanta,_GA We're #hiring! Read about our latest #job opening here: Shift Supervisor (US) - #Hospitality #Veterans #CareerArc
Manhattan,_NY Atlanta,_GA Moleke Maloqueiro #mclon #chapaquente #explode @mclon_oficial @*
Washington,_DC Atlanta,_GA I'm at The Prospect in Washington, D.C.
San_Diego,_CA Atlanta,_GA Had it bourbon barrel aged, but never the lone Hellfighter. Expla... (Hellfighter Imperial Porter)
Washington,_DC Atlanta,_GA Sometimes you have to be small. #drums #music #gypsysallys #theoldmain #ludwig #meinl @*
Los_Angeles,_CA Atlanta,_GA You've come a long way, baby!
Manhattan,_NY Atlanta,_GA Bell of the ball @maisie_williams tonight for her #tff premier of #devilinthedeepbluesea #hair*
Manhattan,_NY Atlanta,_GA #westchelsea #composer #composerlife #contemporarycomposer #contemporaryclassical*
Manhattan,_NY Atlanta,_GA Incident on #AllTrains Both directions at New York Penn Station
Atlanta,_GA Atlanta,_GA Bestie reunion!!!!!!! ____(Plus m'darlin) __ #buckheadevenings #stcecilia @ St. Cecilia
Los_Angeles,_CA Atlanta,_GA ______ (@ Cabo Cantina in Los Angeles, CA)
Manhattan,_NY Atlanta,_GA Celebrating #EmancipationDay! We all came to visit MLK! ;)*
Washington,_DC Atlanta,_GA Hold on ya'll this weekend is almost here!#happyfriday #taxseason #midnightexpression*
Los_Angeles,_CA Atlanta,_GA sugar rush. ____ @roomtogrow_org akilah108 #rtgbenefit #tribecathreesixty @ Three Sixty Degrees
Manhattan,_NY Atlanta,_GA I'm at Opening Ceremony in New York, NY
Los_Angeles,_CA Atlanta,_GA Hogwarts hang time no hogwash here #wizards #harrypotter #universalstudios #LA #castles #wander*
San_Diego,_CA Atlanta,_GA Can you recommend anyone for this #job? Mechanic I - Line - #SanDiego, CA #SkilledTrade
Boston,_MA Atlanta,_GA @stizzyleftlane @YungBossKJ #HardRockCafe #Underrated @ Boston, Massachusetts
Manhattan,_NY Atlanta,_GA Dr. Boo hard at work today, and looking very dapper I must say. @ Time Square in Nyc
Manhattan,_NY Atlanta,_GA H3921 [Enroll] Establishing a sick leave bank for Brian Sheehan, an employee of the Middlesex County Sheriff's Of...
Manhattan,_NY Atlanta,_GA Hope to see you guys and your kids at bloomingdales today! I'll be personalizing delseyofficial*
Atlanta,_GA Atlanta,_GA ______________Just another morning in Atlanta ______________ #trafficjam #seaofred #morningcommute*
Manhattan,_NY Atlanta,_GA Red carpet for "Devil and the Deep Blue Sea" _____ #tribeca2016 #tribecafilmfestival*
Manhattan,_NY Atlanta,_GA Viendo el Empire State Building... @ Macy's Herald Square
Houston,_TX Atlanta,_GA #BusinessMgmt #Job in #Houston, TX: Director of Development - Foundations at Corporate
Manhattan,_NY Atlanta,_GA had to celebrate the upcoming warm-weather weekend with some delicious @bangbangpie in the Pie*
Los_Angeles,_CA Atlanta,_GA Just posted a photo @ Pupuseria La Casita De Don Carlos
Manhattan,_NY Atlanta,_GA Shooting Issues and crown the empire tonight. No one ok rock though. #sad (@ Phoenix Concert Theatre in Toronto, ON)
Los_Angeles,_CA Atlanta,_GA Got to check out the set of @newgirlonfox! Everyone was all "Hey girl - whatchu doin'? Hey girl-*
Los_Angeles,_CA Atlanta,_GA Want to work at Dollar General Corporation? We're #hiring in IN! Click for details: #Job
Washington,_DC Atlanta,_GA The Schiller Shissler Group received this award that was presented at our national conference. #ChicagoRealEstate
Manhattan,_NY Atlanta,_GA Family #Affair on Set "Art is the mirror to our souls" Please help my musical production on*
Manhattan,_NY Atlanta,_GA Passion pays off. #love #art #new #money #motivation #music #business #pot #livemusic #fashion*
Manhattan,_NY Atlanta,_GA EXACTLY what the body needed!! #3ohm2 #NamasteSnitches (at @YogatothePeople)
Chicago,_IL Atlanta,_GA Drinking a Green Line Pale Ale by @GooseIsland @ Giordano's *
Los_Angeles,_CA Atlanta,_GA It's a Game of Increments
Philadelphia,_PA Atlanta,_GA Drinking a Gingerbread Stout by @hardywood at @luckysmanayunk *
Washington,_DC Atlanta,_GA Look at this little lady enjoying some sun in the park. #dcpark #dc #igdc @ Adam's Morgan DC
Los_Angeles,_CA Atlanta,_GA At the VIP Latina Business Council &amp; Amigas4MySoul Luncheon in the Coca-Cola Bottling Co. in Los*
Los_Angeles,_CA Atlanta,_GA ____ (@ Baba Ghanooj in Los Angeles, CA w/ @m7mad_al_hajri)
Manhattan,_NY Atlanta,_GA #Repost @juanpablodipace #hbstudio #hbstudionyc ___ Part one of this fun podcast interview is*
Los_Angeles,_CA Atlanta,_GA Showed him a video of a cat dressed like a pirate. Even that didn't cheer him up. @ LA Zoo
Manhattan,_NY Atlanta,_GA Diane Rehm was interviewed by her son, David Rehm, yesterday, to kick-off the @storycorps Mobile*
Manhattan,_NY Atlanta,_GA Made it! #oculus #wtc gleaming white &amp; beautiful! @ Oculus
Los_Angeles,_CA Atlanta,_GA #ifyouaintgetcapturedthenyougotskipped #streetfootball2016 #cm4life*
Manhattan,_NY Atlanta,_GA Touch down NEW YORK ______ .....emekaukazu1 congrats my gee new ride tings @ New York, New York
Philadelphia,_PA Atlanta,_GA In #philly for the night to see #iggypop and #joshhomme for #postpopdepressiontour again with*
Boston,_MA Atlanta,_GA Closed Street Lights report at 469 Washington St Case resolved. replaced led acorn.
Washington,_DC Atlanta,_GA CGI: Cashier (#Washington, DC) #ProjectMgmt #Job #Jobs #Hiring #CareerArc
Manhattan,_NY Atlanta,_GA OTD in 1912: Sinking of the RMS Titanic Tribune published an extra edition on the news
Los_Angeles,_CA Atlanta,_GA Big bruh. @ Sunset Blvd, Hollywood
Philadelphia,_PA Atlanta,_GA Mocha/Raspberry Iced Latte (at @DunkinDonuts in Philadelphia, PA)
Manhattan,_NY Atlanta,_GA Funny &amp; non stop entertaining movie! Check it out this weekend ____ #TBT #BarberShop3*
Houston,_TX Atlanta,_GA If you're a #Hospitality professional in #Houston, TX, check out this #job: #Hiring
Los_Angeles,_CA Atlanta,_GA We're #hiring! Read about our latest #job opening here: Senior HR Manager - Corporate - #HR
Manhattan,_NY Atlanta,_GA Quick pics @ Perry Ellis
Los_Angeles,_CA Atlanta,_GA *Qui*n dice que a los estadounidenses no les interesa la pol*tica? #elections2016
Manhattan,_NY Atlanta,_GA Eliza, Francesca, Stephen and Billy! #survivor live know it Alls! #rhap so awesome! @ Carolines*
Manhattan,_NY Atlanta,_GA @grevindev was recording some percussion for the new album this past Monday. And yes, we did use*
San_Diego,_CA Atlanta,_GA Even working from home, I gotta get my caffeine. :) (@ Starbucks in San Diego, CA)
Manhattan,_NY Atlanta,_GA Check out the new #mystique sandals in for spring &amp; summer _ @ Gisele Tune Clothing Store
Toronto,_Ontario Atlanta,_GA __ #atthenightshow @rihanna @ Air Canada Centre
Chicago,_IL Atlanta,_GA because duh (@ Lindo Guadalajara in Chicago, IL)
Manhattan,_NY Atlanta,_GA Just posted a photo @ Battery Park By The Water
Los_Angeles,_CA Atlanta,_GA _____ _____ _ ____________ _____ Venice _ LA. ___ __ ____ _____ @*
Los_Angeles,_CA Atlanta,_GA Good food, cold beer, great friends, okay fries; note to self next time have the tots. (@ Graffiti Junktion)
Los_Angeles,_CA Atlanta,_GA Interested in a #Marketing #job near #CHATSWORTH, CA? This could be a great fit: #Hiring #CareerArc
Los_Angeles,_CA Atlanta,_GA Doggie smiles are my favorite! ______ #doghotel #boarding #suitelife #doglovers #dogsofinstagram*
Los_Angeles,_CA Atlanta,_GA Save the date! Sunday, May 8 at 2 PM. #mikuexpo #bnmiramesa #bnsandiego #bnbookpassion #anime*
Houston,_TX Atlanta,_GA Peony Tulips #flower #flowersoninstagram #flowers #houstonflowers #houstonflorist @ Westside*
Chicago,_IL Atlanta,_GA #chicago #illinois #windycity #travelingram @ Downtown Chicago
Manhattan,_NY Atlanta,_GA Can you recommend anyone for this #Retail #job? #NewYork, NY #Hiring #CareerArc
Houston,_TX Atlanta,_GA We're #hiring! Read about our latest #job opening here: Registered Nurse (RN) /... -
Chicago,_IL Atlanta,_GA JAJAJA esas caras ____ @ Unquillo, Cordoba, Argentina
Houston,_TX Atlanta,_GA #wgww #houston #houstondj #dj #femaledj #electro #jam #boondocks @boondockshtx Good times. __________*
Washington,_DC Atlanta,_GA Find me in the shadows #RogerMuntu #naomiachu #teamnosleep #voiceofamerica @ Voice of America - VOA
San_Diego,_CA Atlanta,_GA Me time #cheerstolife #relaxing @ Cabrillo Beach
Toronto,_Ontario Atlanta,_GA Viernes de nuevo!! __#toronto #turo @ Toronto, Ontario
Boston,_MA Atlanta,_GA Want to work in #Charlestown, Massachusetts? View our latest opening: #IT #Job #Jobs #Hiring #CareerArc
Boston,_MA Atlanta,_GA We're #hiring! Click to apply: AVP, NAIC Projects - #Actuarial #insurance #Toronto, ON #Job #Jobs
Manhattan,_NY Atlanta,_GA Great laughs with my long time dearest friend Damien __ sooooo happy to see you! Xo #friends*
Chicago,_IL Atlanta,_GA #letsgohawks #wegotthis #blackhawks #lgh #gohawks @ Blackfinn Ameripub
Los_Angeles,_CA Atlanta,_GA From the Laker nation ____ Thank you @kobebryant for 20 years of great memories! Your last game*
Manhattan,_NY Atlanta,_GA "Opportunity to get lit" #summersixteen #bigrings #nicethings #aigagala #aigadesign*
Los_Angeles,_CA Atlanta,_GA Got a live dumpling here lucillebitterman macmayhan jhmoore3 #youdimsumyoulosesome @ Nom Wah Tea*
Manhattan,_NY Atlanta,_GA "Social Insects #1" by Simryn Gill. #simryngill #tracywilliamsltd @ Tracy Williams, LTD
Manhattan,_NY Atlanta,_GA Been a long day. Good night everyone. @ West Side of Chicago!
Manhattan,_NY Atlanta,_GA Visited the Georgia Aquarium, which was awesome, and got probably the best souvenir of all time*
Houston,_TX Atlanta,_GA #INDIA: @DJPrithvi x @EvokOfficial "Oceans"
Chicago,_IL Atlanta,_GA The birthday girl, @drMcCoy_theDJ!! __ Skate swag!! ____ @ Rink Chicago
Washington,_DC Atlanta,_GA Want to work in #Washington, DC? View our latest opening: #Nursing #Job #Jobs #Hiring #CareerArc
Manhattan,_NY Atlanta,_GA #Repost @ufc with repostapp. ___ Congrats to these New Yorkers! They did it! #MMA2NY @ Madison*
Manhattan,_NY Atlanta,_GA You'll never know where you find new inspiration. It's been a while since I included myself in*
Los_Angeles,_CA Atlanta,_GA I'm at Papa Cristo's Catering &amp; Greek Taverna - @papa_cristo in Los Angeles, CA
Manhattan,_NY Atlanta,_GA @ernievicente Hey Ern totally impressive the shows youve been doing the world needs a replacement for Mr. Williams.
Chicago,_IL Atlanta,_GA Want to work at Charles Schwab? We're #hiring in #Chicago, IL! Click for details: #IT #Veterans #Job #Jobs
Manhattan,_NY Atlanta,_GA #NY #NYC #Fightfor15 #FastFoodForward #Strikefastfood @ W New York - Times Square
Manhattan,_NY Atlanta,_GA __ @ Madhouse on Madison
Los_Angeles,_CA Atlanta,_GA I*m incredibly blessed to have a friendship with this guy standing next to me. Never in my life*
Orlando,_FL Atlanta,_GA #DomesticDisturbance 100 S Hughey Ave 32801 (4/14 20:20) #Orlando #HoldenParramore
Manhattan,_NY Atlanta,_GA SOLD OUT at comedykapow at @120diner! I'm so stoked to be featured on this show! @ 120 Diner
San_Francisco,_CA Atlanta,_GA If you're a #Sales professional in #SanFrancisco, CA, check out this #job: #Hiring #CareerArc
Chicago,_IL Atlanta,_GA 3141 West Fargo Avenue
Los_Angeles,_CA Atlanta,_GA At it again #setlife #actor #RussDun #TV #menwithstyle #dappermen #sunsetgowerstudios Loving the*
Los_Angeles,_CA Atlanta,_GA Work work work. __ __ (@ Dodger Stadium - @mlb in Los Angeles, CA)
Chicago,_IL Atlanta,_GA @owenalchemy looking chic at this mornings event. moniquejonespr entertaining_co*
Manhattan,_NY Atlanta,_GA #mcnyc #yiddishtheater Zero Mostels original costume for fiddler on the roof looks a lot like*
Chicago,_IL Atlanta,_GA We're #hiring! Read about our latest #job opening here: Team Member - Cook - #CHICAGO, IL
Houston,_TX Atlanta,_GA Team USA Baseball South Texas!!!! E @
Los_Angeles,_CA Atlanta,_GA If you're a #Legal professional in #SanFrancisco, CA, check out this #job: #Hiring #CareerArc
Manhattan,_NY Atlanta,_GA New FAE ARCHAIC just arrived @ Mission: Comics &amp; Art
Los_Angeles,_CA Atlanta,_GA Singer, meet my finger!!!!! if you want to laugh your butts off, go*
Manhattan,_NY Atlanta,_GA #fashionfriday @adidasy3, yes please! #yohjiyamamoto and adidas Sick Collabo! #shoegametight @*
Houston,_TX Atlanta,_GA We're #hiring! Read about our latest #job opening here: QA Lead Houston, TX+ - #Houston, TX #IT #CareerArc
Manhattan,_NY Atlanta,_GA #PrayForJapan__ They had another earthquake this morning 7.1 Praying everyone is alright___
Los_Angeles,_CA Atlanta,_GA ...literally went on the Harry Potter ride x2 #bestride #harrypotter*
Los_Angeles,_CA Atlanta,_GA Just posted a photo @ Oakwood Toluca Hills
Orlando,_FL Atlanta,_GA #Battery at 1600-1799 24th St. #orlpol #ocso
Orlando,_FL Atlanta,_GA #Trespasser at 4000-4099 Columbia St. #orlpol #ocso
Manhattan,_NY Atlanta,_GA when you're really tryna catch that angle... #sittingontopoftheworld w
Houston,_TX Atlanta,_GA Memorial Hermann #Nursing #Job: New Grad RN - Nurse Residency (#Houston, TX) #Jobs #Hiring #CareerArc
Los_Angeles,_CA Atlanta,_GA Heroes come and go, but legends are forever. Thank you Kobe!*
Manhattan,_NY Atlanta,_GA "And though she be but little, she is fierce." ____ ~Shakespeare @ Resident
Manhattan,_NY Atlanta,_GA Here for the Chinese Chamber of Commerce (@ Jing Fong Restaurant _____ - @jingfongny in New York, NY)
Manhattan,_NY Atlanta,_GA I'm at Carmine's in New York, NY
San_Diego,_CA Atlanta,_GA I'm at Border of San Francisco/Daly City in Daly City, CA
San_Diego,_CA Atlanta,_GA I'm at San Diego Gulls Hockey in San Diego, CA
Manhattan,_NY Atlanta,_GA #MELVINS @ Webster Hall
Chicago,_IL Atlanta,_GA Robert Half Finance &amp; Accounting: Payroll Supervisor/Manager/Director (#Chicago, IL) #Accounting #Job #Jobs #Hiring
Toronto,_Ontario Atlanta,_GA @kardinalo on the 1s &amp; 2s #cafa2016 #toronto #canadianfashion #afterparty @ Fairmont Royal*
Manhattan,_NY Atlanta,_GA Frozen Greek yogurt, olive oil and sea salt... One of life's simple pleasures. Treat yo self.*
Los_Angeles,_CA Atlanta,_GA One year ago I asked Sam to marry me. And ever since my life has been completely transformed for*
San_Francisco,_CA Atlanta,_GA Tacaya. #Trejismo @ Union Square, San Francisco
Manhattan,_NY Atlanta,_GA No, your New York City pet deer cannot enter this patisserie. __ @ Maison Kayser
Manhattan,_NY Atlanta,_GA I _ NY photo by Fredi Guaraca _____ #nycphotographer #nyc #newyork #photography #nyinwheels*
Boston,_MA Atlanta,_GA L7 weenies @ Fenway Park
Houston,_TX Atlanta,_GA I'm at Starbucks in Houston, TX
Boston,_MA Atlanta,_GA A little Harpoon to enhance an already dope game. #HarpoonBrewery #BostonRedSox #RedSox @*
Manhattan,_NY Atlanta,_GA These are my consolation prizes from the lovely Maureen for NOT being able to run Monday. Worth*
Philadelphia,_PA Atlanta,_GA I'm at Clothespin Statue in Philadelphia, PA
Orlando,_FL Atlanta,_GA We're #hiring! Read about our latest #job opening here: Quality Control Inspector (Manufacturing) - #Orlando, FL
Washington,_DC Atlanta,_GA Just me and FDR. @ Frankin Roosevelt Memorial
Boston,_MA Atlanta,_GA This #Banking #job might be a great fit for you: Technology-Sr. Credit Officer - #Boston, MA #Hiring
Manhattan,_NY Atlanta,_GA Football Rubber Key Cap OFFICIAL Christmas Xmas Birthday Gift
Houston,_TX Atlanta,_GA like mother, like daughter ____ @ creekside, The woodlands TX
Toronto,_Ontario Atlanta,_GA __ @ Ripley's Aquarium of Canada
Los_Angeles,_CA Atlanta,_GA We're #hiring! Read about our latest #job opening here: Sales and Operations Management Training Program... -
Manhattan,_NY Atlanta,_GA Yay!!! Me!!! #Repost jamesbane with repostapp. ___ Excitement!!!! I'm the new host of*
Boston,_MA Atlanta,_GA Closed Litter report at 76a Appleton St Case resolved. at said location bag picked up.
Manhattan,_NY Atlanta,_GA BOGO Family Nights with The Wizard of Oz at The National Theatre
Boston,_MA Atlanta,_GA #FacilitiesMgmt #Job in #Boston, MA: Lead Maintenance Technician at AvalonBay #nowhiring
Houston,_TX Atlanta,_GA abc13eyewitness MS 150 early in the morning everyone __is getting ready to GO_ @13PhotogWillie
Los_Angeles,_CA Atlanta,_GA 5 gram 8ths till 3am! #420 #weed #cannabiscommunity #cannabis #mmj @ Vencie Beach
Atlanta,_GA Atlanta,_GA ____ @ Clark Atlanta University
Manhattan,_NY Atlanta,_GA @yoyo_ma &amp; #EmanuelAx playing all five #beethoven #cello concertos with assured beauty &amp;*
Manhattan,_NY Atlanta,_GA I'm at Verlaine Bar &amp; Lounge - @verlainenyc in New York, NY
Manhattan,_NY Atlanta,_GA Our youth had a day off from @aftrschoolmttrs but our staff keep grinding! #beststaff*
Chicago,_IL Atlanta,_GA Showtime @davidbanner &amp; #georgesmusic @ The Promontory
Toronto,_Ontario Atlanta,_GA #happyaniversary #happywifehappylife @ Angelini Osteria
San_Francisco,_CA Atlanta,_GA View on the way to lunch __ @ San Francisco, California
Manhattan,_NY Atlanta,_GA @nicobraun_ lol after how my season went mate?! Lol
Los_Angeles,_CA Atlanta,_GA weareamericannightmare @coldcave23 thank you! New songs are great! #americannightmare @ The Echo
Toronto,_Ontario Atlanta,_GA 'We can't be patient' on Attawapiskat crisis, Ontario Health Minister Hoskins says
Houston,_TX Atlanta,_GA This #Healthcare #job might be a great fit for you: Regional Manager - #Houston, TX #Hiring
Houston,_TX Atlanta,_GA I'm at Roots Salon - @rootsmontrose in Houston, TX
Los_Angeles,_CA Atlanta,_GA Project week almost wrapped up! Good feeling to move a ticket to "completed" __ #BuilderOfThings*
Manhattan,_NY Atlanta,_GA This is meee lol #condom #lol #aprilfools #funnyvines #goodnight #nochill #followme #vines*
Los_Angeles,_CA Atlanta,_GA Samson C03U Multi-Pattern USB Mic Review / Test By: Bandrew Scott
Los_Angeles,_CA Atlanta,_GA Hey guys! @ Griffith Observatory
Manhattan,_NY Atlanta,_GA eff you Chase! dad coulda struggled w/ tights &amp; been a prince. nooo, much funnier for big hairy guy to do drag
Los_Angeles,_CA Atlanta,_GA . (@ Los Angeles International Airport (LAX) - @flylaxairport in Los Angeles, CA)
Manhattan,_NY Atlanta,_GA This #IT #job might be a great fit for you: Software Engineer - #NewYork, NY #Hiring
Orlando,_FL Atlanta,_GA #SuspiciousPerson I-4 W &amp; W South St 32801 (4/16 06:02) #Orlando #CentralBusinessDistrict
Chicago,_IL Atlanta,_GA Friday night bartending shenanigans! (at @Innjoy in Chicago, IL)
Houston,_TX Atlanta,_GA __ THE OFFICIAL PLAY AFTER THE #TxSuSpringFest CONCERT __ APRIL 16th !! ______ #WhatsAfterPlies ____*
Manhattan,_NY Atlanta,_GA We got champagne problems Only one way to solve 'em Raising our glass cause it's our loss With*
Manhattan,_NY Atlanta,_GA [__ New York Stock Exchange, New York, NY _______, __ --kph, __ --, __ 0m, __ ]
Los_Angeles,_CA Atlanta,_GA Can I be any cuter!? #Melrose #Punk #Dog #cutedogs #LosAngeles #hollywood #photo #animals #pets*
Los_Angeles,_CA Atlanta,_GA Celebration before the celebration #fuckthegiants #godoyers @ Dodger Stadium
Manhattan,_NY Atlanta,_GA Keep calm and be happy @christisothers with our Crystals @ Grand Hyatt New York
Toronto,_Ontario Atlanta,_GA @dannyixxi , killed it tonight @themodclub #torontotalent #r&amp;b #vocalsonfleek #jamband #the6ix*
Los_Angeles,_CA Atlanta,_GA Thursday Vibes ! #Love #LA __ @ Echo Park Lake
Manhattan,_NY Atlanta,_GA Who had the Best #Diss #Song? #2Pac #Nas #Jay-Z #NotoriousBig #IceCube @ Chicago, Illinois
Los_Angeles,_CA Atlanta,_GA SOUL+JOURNEY
Los_Angeles,_CA Atlanta,_GA Early Mornin' jogs w the fur child __ @ Baker Beach
Boston,_MA Atlanta,_GA Cannoli time. (at @MikesPastry in Boston, MA)
Manhattan,_NY Atlanta,_GA Place is awesome! RT *@Chicagoist: This New Logan Square Bar Will Make You Love Mezcal:
Manhattan,_NY Atlanta,_GA LOKILLO ENTERTAINMENT ITS AT VACCA LOUNGE DINE, DRINK, TURN UP AND PARTY WITH ME _____FRIDAY,*
Los_Angeles,_CA Atlanta,_GA #everything #dope #everythingdope #rockets #rednation #Nba #nbaplayoffs #Letsgoooooooooooo*
Manhattan,_NY Atlanta,_GA A better view than on any treadmill. #no filter. Join us for the Central Park 5K Fun Run! M,W,&amp;F*
Chicago,_IL Atlanta,_GA Can you recommend anyone for this #job? AEM Senior Business Analyst + - #Chicago, IL #BusinessMgmt #Hiring
Toronto,_Ontario Atlanta,_GA @rihanna - All Of The Lights #antiworldtour @ Air Canada Centre
Orlando,_FL Atlanta,_GA #AttemptedSuicide 100 S Hughey Ave 32801 (4/16 03:47) #Orlando #HoldenParramore
Manhattan,_NY Atlanta,_GA love my neighborhood. #outsideisfree @ Via Marisol Park
Los_Angeles,_CA Atlanta,_GA Celebrating this Bachelorette! Prior level of function: sober __ @*
Los_Angeles,_CA Atlanta,_GA Yet another new awesome pin for my jacket!!________ #pingame #pins #cute #kawaii #style #fashion*
Houston,_TX Atlanta,_GA If you're a #Transportation professional in #Houston, TX, check out this #job: #Hiring
San_Francisco,_CA Atlanta,_GA I'm at Lombard Street in San Francisco, CA
Manhattan,_NY Atlanta,_GA #SOUTHBEACHSATURDAYS #WALIWUU__ #STREETBOSSES #REALFAMMENT @ South Beach Restauran Lounge*
Los_Angeles,_CA Atlanta,_GA Just posted a photo @ The Wizarding World of Harry Potter at Universal Studios Hollywood
Manhattan,_NY Atlanta,_GA TGIF! It's going down tonight at The Lexington Bar! Come out and hear me sing! Starts at 8pm &amp;*
San_Diego,_CA Atlanta,_GA Can you recommend anyone for this #Sales #job? #SanDiego, CA #Hiring #CareerArc
Los_Angeles,_CA Atlanta,_GA Here's tonight's guest speakers at our screening of Jumbo Wild! Mia Monroe, Park Ranger from the*
Atlanta,_GA Atlanta,_GA 1 and 9! Bout time! #1 #braves #atlanta #atlantabraves #mlb #cut4 #tomahawkshotgun #atl @*
Manhattan,_NY Atlanta,_GA Taller than the Tower!! #nofilter #nofoolin #park #play @ Toronto Music Garden
Los_Angeles,_CA Atlanta,_GA Dis Faka was waiting for me outside tonight when I was pau work. #Hawaii #808 #aiea #kamehameha*
Manhattan,_NY Atlanta,_GA __ ______ @ Sutro Heights Park
Washington,_DC Atlanta,_GA The Curmudgeon survives! We still have a few pours left of our 2013 Founders Curmudgeon -$8/10oz*
Manhattan,_NY Atlanta,_GA Random #bowie tribute. #nyc @ Bond Street
Manhattan,_NY Atlanta,_GA Back at 30 Rock. NYC Whats up. @ Rockefeller Center
Los_Angeles,_CA Atlanta,_GA My dawg @drudetheartist #Peepin #PeepinVideoShoot Follow @houston2media @ Right Touch Detail*
Toronto,_Ontario Atlanta,_GA #firstlady #canada #primeministerswife #sophie @cafawards #fashionnights #fashionismylife*
Manhattan,_NY Atlanta,_GA Alhamdulilah, finished my first year of Uni! Anywhoooo summer*
Manhattan,_NY Atlanta,_GA Hawai'i is looking to hire teachers from the mainland. Any takers?
Houston,_TX Atlanta,_GA House of Blues LINE COOKS - HOUSE OF BLUES (#Houston, Tx) #Hospitality #Veterans #Job #Jobs #Hiring #CareerArc
Manhattan,_NY Atlanta,_GA TONIGHT @beautybarnyc -- Happy Hour 6:30-11 pm: indie, new wave, post punk, soul, etc __*
Chicago,_IL Atlanta,_GA I'm at 1400 S Michigan Gym in Chicago, IL
Houston,_TX Atlanta,_GA SR PATIENT LIAISON - Houston Methodist West Hospital: (#Houston, TX) #Job #Jobs #Hiring #CareerArc
Manhattan,_NY Atlanta,_GA Bangs #hairbysammyoliver #redhead #lorealprofessionnel #SF #sfsalon #hairstylist #randcohair @*
Manhattan,_NY Atlanta,_GA I've done a lot of cool things, but being in love is by far the coolest thing that's ever happened to me.
Chicago,_IL Atlanta,_GA Want to work at Dell? We're #hiring in #Chicago, IL! Click for details: #BusinessMgmt #delljobs #Job #Jobs
Manhattan,_NY Atlanta,_GA Today is my perfect day for me because I love my coffee today
Los_Angeles,_CA Atlanta,_GA HEARTBEAT with Jonathan Horan
Los_Angeles,_CA Atlanta,_GA @giaskova #modeling #model @ Joshua Shultz's Photography
Atlanta,_GA Atlanta,_GA Delaware North: Supervisor (#Atlanta, GA) #Hospitality #Job #Jobs #Hiring #CareerArc
Manhattan,_NY Atlanta,_GA This moment, when #spotify (a.k.a. Robot) suggests Arvo P*rtfor fo'*
Los_Angeles,_CA Atlanta,_GA @Cattvision ????????
Manhattan,_NY Atlanta,_GA (Ars): A Disney Space Station? It No Longer Seems Like Such a Goofy Idea
Manhattan,_NY Atlanta,_GA Thanks @kevondoylejones and emergechange for kicking off #SOCAP365 @impacthubnyc! @ Impact Hub NYC
Houston,_TX Atlanta,_GA Join the BMC Software team! See our latest #IT #job opening here: #WorkAtBMC #Houston, TX #Hiring
Philadelphia,_PA Atlanta,_GA #Trendsetter @themarjacobs is trending #malepolish #JINstagram @ JINsoon Hand &amp; Foot Spa
Houston,_TX Atlanta,_GA Want to work at LanguageLine Solutions? We're #hiring in #Houston, TX! Click for details: #interpreter #bilingual
Los_Angeles,_CA Atlanta,_GA #wonderful @ Los Angeles, California
Los_Angeles,_CA Atlanta,_GA Hogwartz! @ The Wizarding World of Harry Potter at Universal Studios Hollywood
Los_Angeles,_CA Atlanta,_GA *But his delight is in the law of the LORD, And in His law he meditates day and night. He shall*
Los_Angeles,_CA Atlanta,_GA Today's view from Salesforce HQ :) @ Salesforce
Los_Angeles,_CA Atlanta,_GA Lil doodle of @cumbiamachin while Im DJing as @theDISCOpunk at @thelocalsd #MrSticker aka*
San_Francisco,_CA Atlanta,_GA Sfballet - Program 7 Justin Peck: in the countenance of kings (@ War Memorial Opera House in San Francisco, CA)
Manhattan,_NY Atlanta,_GA Antenna performing at El Taller #SpringSounds #GrowingUnderGround #BeautyEverywhere*
Manhattan,_NY Atlanta,_GA Having a glass of wine &amp; waiting for the ballerina... @ Muka
Los_Angeles,_CA Atlanta,_GA Interested in a #Art #job near #Westside, CA? This could be a great fit: #Hiring #CareerArc
Manhattan,_NY Atlanta,_GA Happy #Rustlord_CityView Weekend __ @ Center City Philly
Manhattan,_NY Atlanta,_GA Long Island 2016!!!! @ Citizens Bank Park
Manhattan,_NY Atlanta,_GA RG from emoleecheneats: time for that #numpang #peppercorn #catfish #bahnmi! ________ that*
Los_Angeles,_CA Atlanta,_GA __ * * * * * #pale #bangs #lob #bluntcut #vintagelove #goodnight #girlies @ Los Angeles,*
Philadelphia,_PA Atlanta,_GA An introduction to dry shampoo
Los_Angeles,_CA Atlanta,_GA See our latest #LosAngeles, CA #job and click to apply: RN - Operating Room - #Nursing #Hiring #CareerArc
Orlando,_FL Atlanta,_GA #GeneralDisturbance at 409 N Magnolia Ave. #orlpol #opd
Manhattan,_NY Atlanta,_GA #NYFW #modeloffduty kirstinliljegren @ Milk Studios
Atlanta,_GA Atlanta,_GA Entertainment #justinbieber #Team #purposeworldtour2016*
Manhattan,_NY Atlanta,_GA #TheStruggleIsReal #GradSchoolGrind #GradSchoolProblems #GraduateScholar #GradSchool #RealTalk @*
Washington,_DC Atlanta,_GA Good morning!!!! @ 290 Eisenhower
Los_Angeles,_CA Atlanta,_GA Down town LA __ @djdannig #freedom #fly #jump #downtown #LA #downtownLA #trowback #funk #feelfree*
San_Diego,_CA Atlanta,_GA Want to work at CVS Health? We're #hiring in #LaJolla, CA! Click for details: #Retail #Job #Jobs #CareerArc
Chicago,_IL Atlanta,_GA Can you recommend anyone for this #job? Training Content Specialist - #Chicago, IL #Education #Hiring #CareerArc
Toronto,_Ontario Atlanta,_GA her attitude Rihanna __ #ANTIWorldTour @ Air Canada Centre
Boston,_MA Atlanta,_GA Murphy's Law (837 Summer St., South Boston) failed check for the 2nd time. Details:
Los_Angeles,_CA Atlanta,_GA Out at the Odd Market @ the Autry Museum tonight until 11! Food Trucks, live band, kid zone,*
Manhattan,_NY Atlanta,_GA "As i open my eyes" beautiful film... Too deep !!! @ Tribeca Film*
Philadelphia,_PA Atlanta,_GA Closed due to demonstration in #Philadelphia on Broad St Both NB/SB between W Girard Ave and Spg Garden St #traffic
